Build started 5/17/2017 12:57:08 PM.
     1>Project "C:\Users\Jason\labstreaminglayer\LSL\liblsl\examples\C++\SendDataSimple\SendDataSimple.vcxproj" on node 2 (Build target(s)).
     1>PrepareForBuild:
         Creating directory "..\SendDataSimple\output\win32\release\SendDataSimple.tlog\".
       InitializeBuildStatus:
         Creating "..\SendDataSimple\output\win32\release\SendDataSimple.tlog\unsuccessfulbuild" because "AlwaysCreate" was specified.
       ClCompile:
         C:\Program Files (x86)\Microsoft Visual Studio 12.0\VC\bin\CL.exe /c /Zi /nologo /W3 /WX- /O2 /Oi /Oy- /GL /D WIN32 /D NDEBUG /D _CONSOLE /D _UNICODE /D UNICODE /Gm- /EHsc /MD /GS /Gy /fp:precise /Zc:wchar_t /Zc:forScope /Fo"..\SendDataSimple\output\win32\release\\" /Fd"..\SendDataSimple\output\win32\release\vc120.pdb" /Gd /TP /analyze- /errorReport:prompt SendDataSimple.cpp
         SendDataSimple.cpp
     1>C:\Program Files (x86)\MSBuild\Microsoft.Cpp\v4.0\V120\Microsoft.CppBuild.targets(1193,5): warning MSB8012: TargetPath(C:\Users\Jason\labstreaminglayer\LSL\liblsl\examples\C++\SendDataSimple\..\..\..\bin\SendDataSimple.exe) does not match the Linker's OutputFile property value (C:\Users\Jason\labstreaminglayer\LSL\liblsl\bin\SendDataSimple32.exe). This may cause your project to build incorrectly. To correct this, please make sure that $(OutDir), $(TargetName) and $(TargetExt) property values match the value specified in %(Link.OutputFile).
     1>C:\Program Files (x86)\MSBuild\Microsoft.Cpp\v4.0\V120\Microsoft.CppBuild.targets(1195,5): warning MSB8012: TargetName(SendDataSimple) does not match the Linker's OutputFile property value (SendDataSimple32). This may cause your project to build incorrectly. To correct this, please make sure that $(OutDir), $(TargetName) and $(TargetExt) property values match the value specified in %(Link.OutputFile).
       Link:
         C:\Program Files (x86)\Microsoft Visual Studio 12.0\VC\bin\link.exe /ERRORREPORT:PROMPT /OUT:"..\..\..\bin\SendDataSimple32.exe" /INCREMENTAL:NO /NOLOGO /LIBPATH:..\..\..\bin kernel32.lib user32.lib gdi32.lib winspool.lib comdlg32.lib advapi32.lib shell32.lib ole32.lib oleaut32.lib uuid.lib odbc32.lib odbccp32.lib /MANIFEST /MANIFESTUAC:"level='asInvoker' uiAccess='false'" /manifest:embed /DEBUG /PDB:"..\SendDataSimple\output\win32\release\SendDataSimple.pdb" /SUBSYSTEM:CONSOLE /OPT:REF /OPT:ICF /LTCG /TLBID:1 /DYNAMICBASE /NXCOMPAT /IMPLIB:"..\..\..\bin\SendDataSimple.lib" /MACHINE:X86 /SAFESEH ..\SendDataSimple\output\win32\release\SendDataSimple.obj
         Generating code
         Finished generating code
         SendDataSimple.vcxproj -> C:\Users\Jason\labstreaminglayer\LSL\liblsl\examples\C++\SendDataSimple\..\..\..\bin\SendDataSimple.exe
       FinalizeBuildStatus:
         Deleting file "..\SendDataSimple\output\win32\release\SendDataSimple.tlog\unsuccessfulbuild".
         Touching "..\SendDataSimple\output\win32\release\SendDataSimple.tlog\SendDataSimple.lastbuildstate".
     1>Done Building Project "C:\Users\Jason\labstreaminglayer\LSL\liblsl\examples\C++\SendDataSimple\SendDataSimple.vcxproj" (Build target(s)).

Build succeeded.

Time Elapsed 00:00:00.98
